INFO: [VRFC 10-2263] Analyzing Verilog file "C:/Users/clfzs/Desktop/FPGA2/des_6/project_1/project_1.sim/sim_1/synth/func/xsim/des_sim_func_synth.v" into library xil_defaultlib
INFO: [VRFC 10-311] analyzing module clk_wiz_0
INFO: [VRFC 10-311] analyzing module clk_wiz_0_clk_wiz
INFO: [VRFC 10-311] analyzing module delay_line
INFO: [VRFC 10-311] analyzing module delay_line_165
INFO: [VRFC 10-311] analyzing module delay_line__parameterized0
INFO: [VRFC 10-311] analyzing module delay_line__parameterized0_166
INFO: [VRFC 10-311] analyzing module delay_line__parameterized1
INFO: [VRFC 10-311] analyzing module delay_line__parameterized10
INFO: [VRFC 10-311] analyzing module delay_line__parameterized10_161
INFO: [VRFC 10-311] analyzing module delay_line__parameterized11
INFO: [VRFC 10-311] analyzing module delay_line__parameterized11_162
INFO: [VRFC 10-311] analyzing module delay_line__parameterized12
INFO: [VRFC 10-311] analyzing module delay_line__parameterized12_163
INFO: [VRFC 10-311] analyzing module delay_line__parameterized13
INFO: [VRFC 10-311] analyzing module delay_line__parameterized13_164
INFO: [VRFC 10-311] analyzing module delay_line__parameterized14
INFO: [VRFC 10-311] analyzing module delay_line__parameterized14_174
INFO: [VRFC 10-311] analyzing module delay_line__parameterized1_167
INFO: [VRFC 10-311] analyzing module delay_line__parameterized2
INFO: [VRFC 10-311] analyzing module delay_line__parameterized2_168
INFO: [VRFC 10-311] analyzing module delay_line__parameterized3
INFO: [VRFC 10-311] analyzing module delay_line__parameterized3_169
INFO: [VRFC 10-311] analyzing module delay_line__parameterized4
INFO: [VRFC 10-311] analyzing module delay_line__parameterized4_170
INFO: [VRFC 10-311] analyzing module delay_line__parameterized5
INFO: [VRFC 10-311] analyzing module delay_line__parameterized5_171
INFO: [VRFC 10-311] analyzing module delay_line__parameterized6
INFO: [VRFC 10-311] analyzing module delay_line__parameterized6_172
INFO: [VRFC 10-311] analyzing module delay_line__parameterized7
INFO: [VRFC 10-311] analyzing module delay_line__parameterized7_173
INFO: [VRFC 10-311] analyzing module delay_line__parameterized8
INFO: [VRFC 10-311] analyzing module delay_line__parameterized8_159
INFO: [VRFC 10-311] analyzing module delay_line__parameterized9
INFO: [VRFC 10-311] analyzing module delay_line__parameterized9_160
INFO: [VRFC 10-311] analyzing module des
INFO: [VRFC 10-311] analyzing module des_0
INFO: [VRFC 10-311] analyzing module des_S
INFO: [VRFC 10-311] analyzing module des_S_102
INFO: [VRFC 10-311] analyzing module des_S_111
INFO: [VRFC 10-311] analyzing module des_S_120
INFO: [VRFC 10-311] analyzing module des_S_135
INFO: [VRFC 10-311] analyzing module des_S_17
INFO: [VRFC 10-311] analyzing module des_S_176
INFO: [VRFC 10-311] analyzing module des_S_185
INFO: [VRFC 10-311] analyzing module des_S_194
INFO: [VRFC 10-311] analyzing module des_S_203
INFO: [VRFC 10-311] analyzing module des_S_212
INFO: [VRFC 10-311] analyzing module des_S_221
INFO: [VRFC 10-311] analyzing module des_S_230
INFO: [VRFC 10-311] analyzing module des_S_239
INFO: [VRFC 10-311] analyzing module des_S_248
INFO: [VRFC 10-311] analyzing module des_S_257
INFO: [VRFC 10-311] analyzing module des_S_26
INFO: [VRFC 10-311] analyzing module des_S_261
INFO: [VRFC 10-311] analyzing module des_S_270
INFO: [VRFC 10-311] analyzing module des_S_279
INFO: [VRFC 10-311] analyzing module des_S_288
INFO: [VRFC 10-311] analyzing module des_S_303
INFO: [VRFC 10-311] analyzing module des_S_35
INFO: [VRFC 10-311] analyzing module des_S_44
INFO: [VRFC 10-311] analyzing module des_S_53
INFO: [VRFC 10-311] analyzing module des_S_62
INFO: [VRFC 10-311] analyzing module des_S_71
INFO: [VRFC 10-311] analyzing module des_S_80
INFO: [VRFC 10-311] analyzing module des_S_89
INFO: [VRFC 10-311] analyzing module des_S_93
INFO: [VRFC 10-311] analyzing module des_S__parameterized0
INFO: [VRFC 10-311] analyzing module des_S__parameterized0_103
INFO: [VRFC 10-311] analyzing module des_S__parameterized0_112
INFO: [VRFC 10-311] analyzing module des_S__parameterized0_121
INFO: [VRFC 10-311] analyzing module des_S__parameterized0_129
INFO: [VRFC 10-311] analyzing module des_S__parameterized0_136
INFO: [VRFC 10-311] analyzing module des_S__parameterized0_177
INFO: [VRFC 10-311] analyzing module des_S__parameterized0_18
INFO: [VRFC 10-311] analyzing module des_S__parameterized0_186
INFO: [VRFC 10-311] analyzing module des_S__parameterized0_195
INFO: [VRFC 10-311] analyzing module des_S__parameterized0_204
INFO: [VRFC 10-311] analyzing module des_S__parameterized0_213
INFO: [VRFC 10-311] analyzing module des_S__parameterized0_222
INFO: [VRFC 10-311] analyzing module des_S__parameterized0_231
INFO: [VRFC 10-311] analyzing module des_S__parameterized0_240
INFO: [VRFC 10-311] analyzing module des_S__parameterized0_249
INFO: [VRFC 10-311] analyzing module des_S__parameterized0_262
INFO: [VRFC 10-311] analyzing module des_S__parameterized0_27
INFO: [VRFC 10-311] analyzing module des_S__parameterized0_271
INFO: [VRFC 10-311] analyzing module des_S__parameterized0_280
INFO: [VRFC 10-311] analyzing module des_S__parameterized0_289
INFO: [VRFC 10-311] analyzing module des_S__parameterized0_297
INFO: [VRFC 10-311] analyzing module des_S__parameterized0_304
INFO: [VRFC 10-311] analyzing module des_S__parameterized0_36
INFO: [VRFC 10-311] analyzing module des_S__parameterized0_45
INFO: [VRFC 10-311] analyzing module des_S__parameterized0_54
INFO: [VRFC 10-311] analyzing module des_S__parameterized0_63
INFO: [VRFC 10-311] analyzing module des_S__parameterized0_72
INFO: [VRFC 10-311] analyzing module des_S__parameterized0_81
INFO: [VRFC 10-311] analyzing module des_S__parameterized0_94
INFO: [VRFC 10-311] analyzing module des_S__parameterized1
INFO: [VRFC 10-311] analyzing module des_S__parameterized1_104
INFO: [VRFC 10-311] analyzing module des_S__parameterized1_113
INFO: [VRFC 10-311] analyzing module des_S__parameterized1_122
INFO: [VRFC 10-311] analyzing module des_S__parameterized1_130
INFO: [VRFC 10-311] analyzing module des_S__parameterized1_137
INFO: [VRFC 10-311] analyzing module des_S__parameterized1_178
INFO: [VRFC 10-311] analyzing module des_S__parameterized1_187
INFO: [VRFC 10-311] analyzing module des_S__parameterized1_19
INFO: [VRFC 10-311] analyzing module des_S__parameterized1_196
INFO: [VRFC 10-311] analyzing module des_S__parameterized1_205
INFO: [VRFC 10-311] analyzing module des_S__parameterized1_214
INFO: [VRFC 10-311] analyzing module des_S__parameterized1_223
INFO: [VRFC 10-311] analyzing module des_S__parameterized1_232
INFO: [VRFC 10-311] analyzing module des_S__parameterized1_241
INFO: [VRFC 10-311] analyzing module des_S__parameterized1_250
INFO: [VRFC 10-311] analyzing module des_S__parameterized1_263
INFO: [VRFC 10-311] analyzing module des_S__parameterized1_272
INFO: [VRFC 10-311] analyzing module des_S__parameterized1_28
INFO: [VRFC 10-311] analyzing module des_S__parameterized1_281
INFO: [VRFC 10-311] analyzing module des_S__parameterized1_290
INFO: [VRFC 10-311] analyzing module des_S__parameterized1_298
INFO: [VRFC 10-311] analyzing module des_S__parameterized1_305
INFO: [VRFC 10-311] analyzing module des_S__parameterized1_37
INFO: [VRFC 10-311] analyzing module des_S__parameterized1_46
INFO: [VRFC 10-311] analyzing module des_S__parameterized1_55
INFO: [VRFC 10-311] analyzing module des_S__parameterized1_64
INFO: [VRFC 10-311] analyzing module des_S__parameterized1_73
INFO: [VRFC 10-311] analyzing module des_S__parameterized1_82
INFO: [VRFC 10-311] analyzing module des_S__parameterized1_95
INFO: [VRFC 10-311] analyzing module des_S__parameterized2
INFO: [VRFC 10-311] analyzing module des_S__parameterized2_105
INFO: [VRFC 10-311] analyzing module des_S__parameterized2_114
INFO: [VRFC 10-311] analyzing module des_S__parameterized2_123
INFO: [VRFC 10-311] analyzing module des_S__parameterized2_131
INFO: [VRFC 10-311] analyzing module des_S__parameterized2_138
INFO: [VRFC 10-311] analyzing module des_S__parameterized2_179
INFO: [VRFC 10-311] analyzing module des_S__parameterized2_188
INFO: [VRFC 10-311] analyzing module des_S__parameterized2_197
INFO: [VRFC 10-311] analyzing module des_S__parameterized2_20
INFO: [VRFC 10-311] analyzing module des_S__parameterized2_206
INFO: [VRFC 10-311] analyzing module des_S__parameterized2_215
INFO: [VRFC 10-311] analyzing module des_S__parameterized2_224
INFO: [VRFC 10-311] analyzing module des_S__parameterized2_233
INFO: [VRFC 10-311] analyzing module des_S__parameterized2_242
INFO: [VRFC 10-311] analyzing module des_S__parameterized2_251
INFO: [VRFC 10-311] analyzing module des_S__parameterized2_258
INFO: [VRFC 10-311] analyzing module des_S__parameterized2_264
INFO: [VRFC 10-311] analyzing module des_S__parameterized2_273
INFO: [VRFC 10-311] analyzing module des_S__parameterized2_282
INFO: [VRFC 10-311] analyzing module des_S__parameterized2_29
INFO: [VRFC 10-311] analyzing module des_S__parameterized2_291
INFO: [VRFC 10-311] analyzing module des_S__parameterized2_299
INFO: [VRFC 10-311] analyzing module des_S__parameterized2_306
INFO: [VRFC 10-311] analyzing module des_S__parameterized2_38
INFO: [VRFC 10-311] analyzing module des_S__parameterized2_47
INFO: [VRFC 10-311] analyzing module des_S__parameterized2_56
INFO: [VRFC 10-311] analyzing module des_S__parameterized2_65
INFO: [VRFC 10-311] analyzing module des_S__parameterized2_74
INFO: [VRFC 10-311] analyzing module des_S__parameterized2_83
INFO: [VRFC 10-311] analyzing module des_S__parameterized2_90
INFO: [VRFC 10-311] analyzing module des_S__parameterized2_96
INFO: [VRFC 10-311] analyzing module des_S__parameterized3
INFO: [VRFC 10-311] analyzing module des_S__parameterized3_106
INFO: [VRFC 10-311] analyzing module des_S__parameterized3_115
INFO: [VRFC 10-311] analyzing module des_S__parameterized3_124
INFO: [VRFC 10-311] analyzing module des_S__parameterized3_132
INFO: [VRFC 10-311] analyzing module des_S__parameterized3_139
INFO: [VRFC 10-311] analyzing module des_S__parameterized3_180
INFO: [VRFC 10-311] analyzing module des_S__parameterized3_189
INFO: [VRFC 10-311] analyzing module des_S__parameterized3_198
INFO: [VRFC 10-311] analyzing module des_S__parameterized3_207
INFO: [VRFC 10-311] analyzing module des_S__parameterized3_21
INFO: [VRFC 10-311] analyzing module des_S__parameterized3_216
INFO: [VRFC 10-311] analyzing module des_S__parameterized3_225
INFO: [VRFC 10-311] analyzing module des_S__parameterized3_234
INFO: [VRFC 10-311] analyzing module des_S__parameterized3_243
INFO: [VRFC 10-311] analyzing module des_S__parameterized3_252
INFO: [VRFC 10-311] analyzing module des_S__parameterized3_259
INFO: [VRFC 10-311] analyzing module des_S__parameterized3_265
INFO: [VRFC 10-311] analyzing module des_S__parameterized3_274
INFO: [VRFC 10-311] analyzing module des_S__parameterized3_283
INFO: [VRFC 10-311] analyzing module des_S__parameterized3_292
INFO: [VRFC 10-311] analyzing module des_S__parameterized3_30
INFO: [VRFC 10-311] analyzing module des_S__parameterized3_300
INFO: [VRFC 10-311] analyzing module des_S__parameterized3_307
INFO: [VRFC 10-311] analyzing module des_S__parameterized3_39
INFO: [VRFC 10-311] analyzing module des_S__parameterized3_48
INFO: [VRFC 10-311] analyzing module des_S__parameterized3_57
INFO: [VRFC 10-311] analyzing module des_S__parameterized3_66
INFO: [VRFC 10-311] analyzing module des_S__parameterized3_75
INFO: [VRFC 10-311] analyzing module des_S__parameterized3_84
INFO: [VRFC 10-311] analyzing module des_S__parameterized3_91
INFO: [VRFC 10-311] analyzing module des_S__parameterized3_97
INFO: [VRFC 10-311] analyzing module des_S__parameterized4
INFO: [VRFC 10-311] analyzing module des_S__parameterized4_107
INFO: [VRFC 10-311] analyzing module des_S__parameterized4_116
INFO: [VRFC 10-311] analyzing module des_S__parameterized4_125
INFO: [VRFC 10-311] analyzing module des_S__parameterized4_140
INFO: [VRFC 10-311] analyzing module des_S__parameterized4_181
INFO: [VRFC 10-311] analyzing module des_S__parameterized4_190
INFO: [VRFC 10-311] analyzing module des_S__parameterized4_199
INFO: [VRFC 10-311] analyzing module des_S__parameterized4_208
INFO: [VRFC 10-311] analyzing module des_S__parameterized4_217
INFO: [VRFC 10-311] analyzing module des_S__parameterized4_22
INFO: [VRFC 10-311] analyzing module des_S__parameterized4_226
INFO: [VRFC 10-311] analyzing module des_S__parameterized4_235
INFO: [VRFC 10-311] analyzing module des_S__parameterized4_244
INFO: [VRFC 10-311] analyzing module des_S__parameterized4_253
INFO: [VRFC 10-311] analyzing module des_S__parameterized4_266
INFO: [VRFC 10-311] analyzing module des_S__parameterized4_275
INFO: [VRFC 10-311] analyzing module des_S__parameterized4_284
INFO: [VRFC 10-311] analyzing module des_S__parameterized4_293
INFO: [VRFC 10-311] analyzing module des_S__parameterized4_308
INFO: [VRFC 10-311] analyzing module des_S__parameterized4_31
INFO: [VRFC 10-311] analyzing module des_S__parameterized4_40
INFO: [VRFC 10-311] analyzing module des_S__parameterized4_49
INFO: [VRFC 10-311] analyzing module des_S__parameterized4_58
INFO: [VRFC 10-311] analyzing module des_S__parameterized4_67
INFO: [VRFC 10-311] analyzing module des_S__parameterized4_76
INFO: [VRFC 10-311] analyzing module des_S__parameterized4_85
INFO: [VRFC 10-311] analyzing module des_S__parameterized4_98
INFO: [VRFC 10-311] analyzing module des_S__parameterized5
INFO: [VRFC 10-311] analyzing module des_S__parameterized5_108
INFO: [VRFC 10-311] analyzing module des_S__parameterized5_117
INFO: [VRFC 10-311] analyzing module des_S__parameterized5_126
INFO: [VRFC 10-311] analyzing module des_S__parameterized5_141
INFO: [VRFC 10-311] analyzing module des_S__parameterized5_182
INFO: [VRFC 10-311] analyzing module des_S__parameterized5_191
INFO: [VRFC 10-311] analyzing module des_S__parameterized5_200
INFO: [VRFC 10-311] analyzing module des_S__parameterized5_209
INFO: [VRFC 10-311] analyzing module des_S__parameterized5_218
INFO: [VRFC 10-311] analyzing module des_S__parameterized5_227
INFO: [VRFC 10-311] analyzing module des_S__parameterized5_23
INFO: [VRFC 10-311] analyzing module des_S__parameterized5_236
INFO: [VRFC 10-311] analyzing module des_S__parameterized5_245
INFO: [VRFC 10-311] analyzing module des_S__parameterized5_254
INFO: [VRFC 10-311] analyzing module des_S__parameterized5_267
INFO: [VRFC 10-311] analyzing module des_S__parameterized5_276
INFO: [VRFC 10-311] analyzing module des_S__parameterized5_285
INFO: [VRFC 10-311] analyzing module des_S__parameterized5_294
INFO: [VRFC 10-311] analyzing module des_S__parameterized5_309
INFO: [VRFC 10-311] analyzing module des_S__parameterized5_32
INFO: [VRFC 10-311] analyzing module des_S__parameterized5_41
INFO: [VRFC 10-311] analyzing module des_S__parameterized5_50
INFO: [VRFC 10-311] analyzing module des_S__parameterized5_59
INFO: [VRFC 10-311] analyzing module des_S__parameterized5_68
INFO: [VRFC 10-311] analyzing module des_S__parameterized5_77
INFO: [VRFC 10-311] analyzing module des_S__parameterized5_86
INFO: [VRFC 10-311] analyzing module des_S__parameterized5_99
INFO: [VRFC 10-311] analyzing module des_S__parameterized6
INFO: [VRFC 10-311] analyzing module des_S__parameterized6_100
INFO: [VRFC 10-311] analyzing module des_S__parameterized6_109
INFO: [VRFC 10-311] analyzing module des_S__parameterized6_118
INFO: [VRFC 10-311] analyzing module des_S__parameterized6_127
INFO: [VRFC 10-311] analyzing module des_S__parameterized6_133
INFO: [VRFC 10-311] analyzing module des_S__parameterized6_142
INFO: [VRFC 10-311] analyzing module des_S__parameterized6_183
INFO: [VRFC 10-311] analyzing module des_S__parameterized6_192
INFO: [VRFC 10-311] analyzing module des_S__parameterized6_201
INFO: [VRFC 10-311] analyzing module des_S__parameterized6_210
INFO: [VRFC 10-311] analyzing module des_S__parameterized6_219
INFO: [VRFC 10-311] analyzing module des_S__parameterized6_228
INFO: [VRFC 10-311] analyzing module des_S__parameterized6_237
INFO: [VRFC 10-311] analyzing module des_S__parameterized6_24
INFO: [VRFC 10-311] analyzing module des_S__parameterized6_246
INFO: [VRFC 10-311] analyzing module des_S__parameterized6_255
INFO: [VRFC 10-311] analyzing module des_S__parameterized6_268
INFO: [VRFC 10-311] analyzing module des_S__parameterized6_277
INFO: [VRFC 10-311] analyzing module des_S__parameterized6_286
INFO: [VRFC 10-311] analyzing module des_S__parameterized6_295
INFO: [VRFC 10-311] analyzing module des_S__parameterized6_301
INFO: [VRFC 10-311] analyzing module des_S__parameterized6_310
INFO: [VRFC 10-311] analyzing module des_S__parameterized6_33
INFO: [VRFC 10-311] analyzing module des_S__parameterized6_42
INFO: [VRFC 10-311] analyzing module des_S__parameterized6_51
INFO: [VRFC 10-311] analyzing module des_S__parameterized6_60
INFO: [VRFC 10-311] analyzing module des_S__parameterized6_69
INFO: [VRFC 10-311] analyzing module des_S__parameterized6_78
INFO: [VRFC 10-311] analyzing module des_S__parameterized6_87
INFO: [VRFC 10-311] analyzing module des_con
INFO: [VRFC 10-311] analyzing module des_feistel
INFO: [VRFC 10-311] analyzing module des_feistel_101
INFO: [VRFC 10-311] analyzing module des_feistel_110
INFO: [VRFC 10-311] analyzing module des_feistel_119
INFO: [VRFC 10-311] analyzing module des_feistel_128
INFO: [VRFC 10-311] analyzing module des_feistel_134
INFO: [VRFC 10-311] analyzing module des_feistel_16
INFO: [VRFC 10-311] analyzing module des_feistel_175
INFO: [VRFC 10-311] analyzing module des_feistel_184
INFO: [VRFC 10-311] analyzing module des_feistel_193
INFO: [VRFC 10-311] analyzing module des_feistel_202
INFO: [VRFC 10-311] analyzing module des_feistel_211
INFO: [VRFC 10-311] analyzing module des_feistel_220
INFO: [VRFC 10-311] analyzing module des_feistel_229
INFO: [VRFC 10-311] analyzing module des_feistel_238
INFO: [VRFC 10-311] analyzing module des_feistel_247
INFO: [VRFC 10-311] analyzing module des_feistel_25
INFO: [VRFC 10-311] analyzing module des_feistel_256
INFO: [VRFC 10-311] analyzing module des_feistel_260
INFO: [VRFC 10-311] analyzing module des_feistel_269
INFO: [VRFC 10-311] analyzing module des_feistel_278
INFO: [VRFC 10-311] analyzing module des_feistel_287
INFO: [VRFC 10-311] analyzing module des_feistel_296
INFO: [VRFC 10-311] analyzing module des_feistel_302
INFO: [VRFC 10-311] analyzing module des_feistel_34
INFO: [VRFC 10-311] analyzing module des_feistel_43
INFO: [VRFC 10-311] analyzing module des_feistel_52
INFO: [VRFC 10-311] analyzing module des_feistel_61
INFO: [VRFC 10-311] analyzing module des_feistel_70
INFO: [VRFC 10-311] analyzing module des_feistel_79
INFO: [VRFC 10-311] analyzing module des_feistel_88
INFO: [VRFC 10-311] analyzing module des_feistel_92
INFO: [VRFC 10-311] analyzing module des_round
INFO: [VRFC 10-311] analyzing module des_round_1
INFO: [VRFC 10-311] analyzing module des_round_10
INFO: [VRFC 10-311] analyzing module des_round_11
INFO: [VRFC 10-311] analyzing module des_round_12
INFO: [VRFC 10-311] analyzing module des_round_13
INFO: [VRFC 10-311] analyzing module des_round_14
INFO: [VRFC 10-311] analyzing module des_round_143
INFO: [VRFC 10-311] analyzing module des_round_144
INFO: [VRFC 10-311] analyzing module des_round_145
INFO: [VRFC 10-311] analyzing module des_round_146
INFO: [VRFC 10-311] analyzing module des_round_147
INFO: [VRFC 10-311] analyzing module des_round_148
INFO: [VRFC 10-311] analyzing module des_round_149
INFO: [VRFC 10-311] analyzing module des_round_15
INFO: [VRFC 10-311] analyzing module des_round_150
INFO: [VRFC 10-311] analyzing module des_round_151
INFO: [VRFC 10-311] analyzing module des_round_152
INFO: [VRFC 10-311] analyzing module des_round_153
INFO: [VRFC 10-311] analyzing module des_round_154
INFO: [VRFC 10-311] analyzing module des_round_155
INFO: [VRFC 10-311] analyzing module des_round_156
INFO: [VRFC 10-311] analyzing module des_round_157
INFO: [VRFC 10-311] analyzing module des_round_158
INFO: [VRFC 10-311] analyzing module des_round_2
INFO: [VRFC 10-311] analyzing module des_round_3
INFO: [VRFC 10-311] analyzing module des_round_4
INFO: [VRFC 10-311] analyzing module des_round_5
INFO: [VRFC 10-311] analyzing module des_round_6
INFO: [VRFC 10-311] analyzing module des_round_7
INFO: [VRFC 10-311] analyzing module des_round_8
INFO: [VRFC 10-311] analyzing module des_round_9
INFO: [VRFC 10-311] analyzing module top
INFO: [VRFC 10-311] analyzing module glbl
INFO: [VRFC 10-2263] Analyzing Verilog file "C:/Users/clfzs/Desktop/FPGA2/des_6/rtl/des/delay_line.v" into library xil_defaultlib
INFO: [VRFC 10-311] analyzing module delay_line
WARNING: [VRFC 10-3609] overwriting previous definition of module 'delay_line' [C:/Users/clfzs/Desktop/FPGA2/des_6/rtl/des/delay_line.v:23]
INFO: [VRFC 10-2263] Analyzing Verilog file "C:/Users/clfzs/Desktop/FPGA2/des_6/rtl/des/des.v" into library xil_defaultlib
INFO: [VRFC 10-311] analyzing module des
WARNING: [VRFC 10-3609] overwriting previous definition of module 'des' [C:/Users/clfzs/Desktop/FPGA2/des_6/rtl/des/des.v:22]
INFO: [VRFC 10-2263] Analyzing Verilog file "C:/Users/clfzs/Desktop/FPGA2/des_6/rtl/des/des_E.v" into library xil_defaultlib
INFO: [VRFC 10-311] analyzing module des_E
INFO: [VRFC 10-2263] Analyzing Verilog file "C:/Users/clfzs/Desktop/FPGA2/des_6/rtl/des/des_IP.v" into library xil_defaultlib
INFO: [VRFC 10-311] analyzing module des_IP
INFO: [VRFC 10-2263] Analyzing Verilog file "C:/Users/clfzs/Desktop/FPGA2/des_6/rtl/des/des_IP1.v" into library xil_defaultlib
INFO: [VRFC 10-311] analyzing module des_IP1
INFO: [VRFC 10-2263] Analyzing Verilog file "C:/Users/clfzs/Desktop/FPGA2/des_6/rtl/des/des_P.v" into library xil_defaultlib
INFO: [VRFC 10-311] analyzing module des_P
INFO: [VRFC 10-2263] Analyzing Verilog file "C:/Users/clfzs/Desktop/FPGA2/des_6/rtl/des/des_PC1.v" into library xil_defaultlib
INFO: [VRFC 10-311] analyzing module des_PC1
INFO: [VRFC 10-2263] Analyzing Verilog file "C:/Users/clfzs/Desktop/FPGA2/des_6/rtl/des/des_PC2.v" into library xil_defaultlib
INFO: [VRFC 10-311] analyzing module des_PC2
INFO: [VRFC 10-2263] Analyzing Verilog file "C:/Users/clfzs/Desktop/FPGA2/des_6/rtl/des/des_S.v" into library xil_defaultlib
INFO: [VRFC 10-311] analyzing module des_S
WARNING: [VRFC 10-3609] overwriting previous definition of module 'des_S' [C:/Users/clfzs/Desktop/FPGA2/des_6/rtl/des/des_S.v:23]
INFO: [VRFC 10-2263] Analyzing Verilog file "C:/Users/clfzs/Desktop/FPGA2/des_6/rtl/des/des_con.v" into library xil_defaultlib
INFO: [VRFC 10-311] analyzing module des_con
WARNING: [VRFC 10-3609] overwriting previous definition of module 'des_con' [C:/Users/clfzs/Desktop/FPGA2/des_6/rtl/des/des_con.v:1]
INFO: [VRFC 10-2263] Analyzing Verilog file "C:/Users/clfzs/Desktop/FPGA2/des_6/rtl/des/des_feistel.v" into library xil_defaultlib
INFO: [VRFC 10-311] analyzing module des_feistel
WARNING: [VRFC 10-3609] overwriting previous definition of module 'des_feistel' [C:/Users/clfzs/Desktop/FPGA2/des_6/rtl/des/des_feistel.v:22]
INFO: [VRFC 10-2263] Analyzing Verilog file "C:/Users/clfzs/Desktop/FPGA2/des_6/rtl/des/des_key_schedule.v" into library xil_defaultlib
INFO: [VRFC 10-311] analyzing module des_key_schedule
INFO: [VRFC 10-2263] Analyzing Verilog file "C:/Users/clfzs/Desktop/FPGA2/des_6/rtl/des/des_round.v" into library xil_defaultlib
INFO: [VRFC 10-311] analyzing module des_round
WARNING: [VRFC 10-3609] overwriting previous definition of module 'des_round' [C:/Users/clfzs/Desktop/FPGA2/des_6/rtl/des/des_round.v:1]
INFO: [VRFC 10-2263] Analyzing Verilog file "C:/Users/clfzs/Desktop/FPGA2/des_6/sim/des_sim.v" into library xil_defaultlib
INFO: [VRFC 10-311] analyzing module des_sim
