Vivado Simulator v2024.2.0
Copyright 1986-2022 Xilinx, Inc. All Rights Reserved.
Copyright 2022-2024 Advanced Micro Devices, Inc. All Rights Reserved.
Running: C:/Xilinx/Vivado/2024.2/bin/unwrapped/win64.o/xelab.exe --incr --debug typical --relax --mt 2 -L xil_defaultlib -L unisims_ver -L secureip --snapshot des_sim_func_synth xil_defaultlib.des_sim xil_defaultlib.glbl -log elaborate.log 
Using 2 slave threads.
Starting static elaboration
Pass Through NonSizing Optimizer
Completed static elaboration
Starting simulation data flow analysis
Completed simulation data flow analysis
Time Resolution for simulation is 1ps
Compiling module xil_defaultlib.des_PC1
Compiling module xil_defaultlib.des_PC2
Compiling module xil_defaultlib.des_key_schedule
Compiling module xil_defaultlib.delay_line(WIDTH=48,DEPTH=2)
Compiling module xil_defaultlib.delay_line(WIDTH=48)
Compiling module xil_defaultlib.delay_line(WIDTH=48,DEPTH=6)
Compiling module xil_defaultlib.delay_line(WIDTH=48,DEPTH=8)
Compiling module xil_defaultlib.delay_line(WIDTH=48,DEPTH=10)
Compiling module xil_defaultlib.delay_line(WIDTH=48,DEPTH=12)
Compiling module xil_defaultlib.delay_line(WIDTH=48,DEPTH=14)
Compiling module xil_defaultlib.delay_line(WIDTH=48,DEPTH=16)
Compiling module xil_defaultlib.delay_line(WIDTH=48,DEPTH=18)
Compiling module xil_defaultlib.delay_line(WIDTH=48,DEPTH=20)
Compiling module xil_defaultlib.delay_line(WIDTH=48,DEPTH=22)
Compiling module xil_defaultlib.delay_line(WIDTH=48,DEPTH=24)
Compiling module xil_defaultlib.delay_line(WIDTH=48,DEPTH=26)
Compiling module xil_defaultlib.delay_line(WIDTH=48,DEPTH=28)
Compiling module xil_defaultlib.delay_line(WIDTH=48,DEPTH=30)
Compiling module xil_defaultlib.delay_line(WIDTH=1,DEPTH=34)
Compiling module xil_defaultlib.des_IP
Compiling module xil_defaultlib.des_E
Compiling module xil_defaultlib.des_S
Compiling module xil_defaultlib.des_S(SBOX_ID=1)
Compiling module xil_defaultlib.des_S(SBOX_ID=2)
Compiling module xil_defaultlib.des_S(SBOX_ID=3)
Compiling module xil_defaultlib.des_S(SBOX_ID=4)
Compiling module xil_defaultlib.des_S(SBOX_ID=5)
Compiling module xil_defaultlib.des_S(SBOX_ID=6)
Compiling module xil_defaultlib.des_S(SBOX_ID=7)
Compiling module xil_defaultlib.des_P
Compiling module xil_defaultlib.des_feistel_default
Compiling module xil_defaultlib.des_round
Compiling module xil_defaultlib.des_IP1
Compiling module xil_defaultlib.des_default
Compiling module xil_defaultlib.des_con
Compiling module xil_defaultlib.des_sim
Compiling module xil_defaultlib.glbl
Built simulation snapshot des_sim_func_synth
